<?xml version="1.0" encoding="UTF-8" ?>
<testsuites errors="0"
            failures="1"
            tests="1">

  <testsuite name="google"
    errors="0" failures="1" hostname="" id="" package="google" skipped="0"
    tests="1" time="4.937" timestamp="">
  
    <testcase name="Gooogle adv search - Elon Musk" classname="google" time="4.937" assertions="1">  <failure message="Params: Query is Elon Musk in 1000 ms. - expected [0;32m&#34;as_q=Elon+Musk&#34;[0m but got: [0;31m&#34;https://www.google.com/sorry/index?continue=https://www.google.com/search%3Fas_q%3DElon%2BMusk%26as_epq%3D%26as_oq%3D%26as_eq%3D%26as_nlo%3D%26as_nhi%3D%26lr%3Dlang_it%26cr%3D%26as_qdr%3Dm%26as_sitesearch%3D%26as_occt%3Dtitle%26safe%3Dimages%26as_filetype%3D%26as_rights%3D&amp;q=EgRVniEjGOLaye4FIhkA8aeDSx96Ebp3aUoB0E-pw-HUsVC-1xtdMgFy&#34;[0m">    at Object.Gooogle adv search - Elon Musk (C:\Projects\Vjezba-Nightwatch\tests\google.js:26:17)
    at processTicksAndRejections (internal/process/task_queues.js:93:5)</failure>

    <failure message="    at Object.Gooogle adv search - Elon Musk (C:\Projects\Vjezba-Nightwatch\tests\google.js:26:17)">    at processTicksAndRejections (internal/process/task_queues.js:93:5)</failure>
    </testcase>
  

  

  
  </testsuite>
</testsuites>
