<?xml version="1.0" encoding="UTF-8" ?>
<testsuites errors="0"
            failures="1"
            tests="1">

  <testsuite name="tests.firstTest"
    errors="0" failures="1" hostname="" id="" package="firstTest" skipped="0"
    tests="1" time="4.371" timestamp="">
  
    <testcase name="My first test case" classname="tests.firstTest" time="4.371" assertions="2">

      <failure message="Testing if element &lt;.hnname&gt; contains text: &#34;nesto&#34; in 1000 ms. - expected [0;32m&#34;nesto&#34;[0m but got: [0;31m&#34;Hacker News&#34;[0m">    at Object.My first test case (C:\Projects\Vjezba-Nightwatch\tests\firstTest.js:7:17)
    at processTicksAndRejections (internal/process/task_queues.js:93:5)</failure>

    <failure message="    at Object.My first test case (C:\Projects\Vjezba-Nightwatch\tests\firstTest.js:7:17)">    at processTicksAndRejections (internal/process/task_queues.js:93:5)</failure>
    </testcase>
  

  

  
  </testsuite>
</testsuites>
