<?xml version="1.0" encoding="UTF-8" ?>
<testsuites errors="0"
            failures="1"
            tests="1">

  <testsuite name="tests.End-To-End-TimeKeeper"
    errors="0" failures="1" hostname="" id="" package="End-To-End-TimeKeeper" skipped="0"
    tests="1" time="5.526" timestamp="">
  
    <testcase name="TimeKeeper End-To-End" classname="tests.End-To-End-TimeKeeper" time="5.526" assertions="1">  <failure message="Timed out while waiting for element &lt;button.nav-button.input-button.shadow-1&gt; to be present for 1500 milliseconds. - expected [0;32m&#34;visible&#34;[0m but got: [0;31m&#34;not found&#34;[0m">    at Page.logout (C:\Projects\Vjezba-Nightwatch\page_objects\TimeKeeper.js:49:14)
    at Object.TimeKeeper End-To-End (C:\Projects\Vjezba-Nightwatch\tests\End-To-End-TimeKeeper.js:13:10)</failure>

    <failure message="    at Page.logout (C:\Projects\Vjezba-Nightwatch\page_objects\TimeKeeper.js:49:14)">    at Object.TimeKeeper End-To-End (C:\Projects\Vjezba-Nightwatch\tests\End-To-End-TimeKeeper.js:13:10)</failure>
    </testcase>
  

  

  
  </testsuite>
</testsuites>
